Looking for git in: git
Using git 2.26.0 from git
> git rev-parse --show-toplevel
> git rev-parse --git-dir
Open repository: /home/manpreetsinghgugga/Desktop/React Native/Template-ReactNative-Project-Structure
> git status -z -u
> git check-ignore -v -z --stdin
> git check-ignore -v -z --stdin
> git symbolic-ref --short HEAD
> git rev-parse master
> git rev-parse --symbolic-full-name master@{u}
> git rev-list --left-right master...refs/remotes/origin/master
> git for-each-ref --sort -committerdate --format %(refname) %(objectname)
> git remote --verbose
Warning: Failed to watch ref '/home/manpreetsinghgugga/Desktop/React Native/Template-ReactNative-Project-Structure/.git/refs/remotes/origin/master', is most likely packed.
> git config --get commit.template
> git show --textconv :.vscode/launch.json
> git ls-files --stage -- /home/manpreetsinghgugga/Desktop/React Native/Template-ReactNative-Project-Structure/.vscode/launch.json
> git ls-files --stage -- /home/manpreetsinghgugga/Desktop/React Native/Template-ReactNative-Project-Structure/.vscode/launch.json
> git show --textconv :.vscode/launch.json
